<?xml version="1.0" encoding="UTF-8"?>
<!-- Generated by org.testng.reporters.JUnitReportReporter -->
<testsuite hostname="DESKTOP-HOI5RM5" failures="0" tests="4" name="api.test.UserTests" time="9.397" errors="0" timestamp="2024-07-29T20:47:24 IST" skipped="0">
  <testcase classname="api.test.UserTests" name="testPostUser" time="4.079"/>
  <system-out/>
  <testcase classname="api.test.UserTests" name="testGetUserByName" time="1.468"/>
  <system-out/>
  <testcase classname="api.test.UserTests" name="testUpdateuserByName" time="2.516"/>
  <system-out/>
  <testcase classname="api.test.UserTests" name="testDeleteuserByname" time="1.334"/>
  <system-out/>
</testsuite> <!-- api.test.UserTests -->
