<?xml version="1.0" encoding="UTF-8"?>
<!-- Generated by org.testng.reporters.JUnitReportReporter -->
<testsuite hostname="DESKTOP-HOI5RM5" failures="0" tests="4" name="api.test.UserTests2" time="8.759" errors="0" timestamp="2024-08-08T16:56:23 IST" skipped="0">
  <testcase classname="api.test.UserTests2" name="testPostUser" time="4.127"/>
  <system-out/>
  <testcase classname="api.test.UserTests2" name="testGetUserByName" time="1.179"/>
  <system-out/>
  <testcase classname="api.test.UserTests2" name="testUpdateUserByName" time="2.311"/>
  <system-out/>
  <testcase classname="api.test.UserTests2" name="testDeleteUserByName" time="1.142"/>
  <system-out/>
</testsuite> <!-- api.test.UserTests2 -->
