<?xml version="1.0" encoding="UTF-8"?>
<!-- Generated by org.testng.reporters.JUnitReportReporter -->
<testsuite hostname="DESKTOP-HOI5RM5" failures="0" tests="6" name="api.test.DDTests" time="9.172" errors="0" timestamp="2024-07-29T20:04:45 IST" skipped="0">
  <testcase classname="api.test.DDTests" name="testPostuser" time="1.075"/>
  <system-out/>
  <testcase classname="api.test.DDTests" name="testPostuser" time="3.402"/>
  <system-out/>
  <testcase classname="api.test.DDTests" name="testPostuser" time="1.415"/>
  <system-out/>
  <testcase classname="api.test.DDTests" name="testDeleteuserByname" time="1.123"/>
  <system-out/>
  <testcase classname="api.test.DDTests" name="testDeleteuserByname" time="1.089"/>
  <system-out/>
  <testcase classname="api.test.DDTests" name="testDeleteuserByname" time="1.068"/>
  <system-out/>
</testsuite> <!-- api.test.DDTests -->
