<?xml version="1.0" encoding="UTF-8"?>
<!-- Generated by org.testng.reporters.JUnitReportReporter -->
<testsuite hostname="DESKTOP-HOI5RM5" failures="0" tests="4" name="api.test.UserTests2" time="10.034" errors="0" timestamp="2024-08-08T18:17:47 IST" skipped="0">
  <testcase classname="api.test.UserTests2" name="testPostUser" time="5.109"/>
  <system-out/>
  <testcase classname="api.test.UserTests2" name="testGetUserByName" time="1.241"/>
  <system-out/>
  <testcase classname="api.test.UserTests2" name="testUpdateUserByName" time="2.439"/>
  <system-out/>
  <testcase classname="api.test.UserTests2" name="testDeleteUserByName" time="1.245"/>
  <system-out/>
</testsuite> <!-- api.test.UserTests2 -->
